Running: fuse.exe -relaunch -intstyle "ise" -incremental -lib "secureip" -o "D:/pa1038-DO NOT DELETE/simon_32_64/test_top_module_isim_beh.exe" -prj "D:/pa1038-DO NOT DELETE/simon_32_64/test_top_module_beh.prj" "work.test_top_module" 
ISim P.20131013 (signature 0x7708f090)
Number of CPUs detected in this system: 4
Turning on mult-threading, number of parallel sub-compilation jobs: 8 
Determining compilation order of HDL files
Parsing VHDL file "D:/pa1038-DO NOT DELETE/simon_32_64/top_module.vhd" into library work
Parsing VHDL file "D:/pa1038-DO NOT DELETE/simon_32_64/test_top_module.vhd" into library work
Starting static elaboration
Completed static elaboration
Compiling package standard
Compiling package std_logic_1164
Compiling package numeric_std
Compiling architecture behavioral of entity top_module [top_module_default]
Compiling architecture behavior of entity test_top_module
Time Resolution for simulation is 1ps.
Waiting for 1 sub-compilation(s) to finish...
Compiled 6 VHDL Units
Built simulation executable D:/pa1038-DO NOT DELETE/simon_32_64/test_top_module_isim_beh.exe
Fuse Memory Usage: 36576 KB
Fuse CPU Usage: 655 ms
